<?xml version="1.0" encoding="UTF-8"?>
<testsuite name="Forgot password" tests="3" skipped="0" failures="0" errors="0" timestamp="2022-07-23T15:17:55" hostname="DESKTOP-RDQV5OE" time="1.376">
  <properties/>
  <testcase name="user click forgot password" classname="Forgot password" time="0.649"/>
  <testcase name="user navigate to forgot password" classname="Forgot password" time="0.083"/>
  <testcase name="classMethod" classname="Forgot password" time="4.475"/>
  <system-out><![CDATA[
@Web @ForgotPassword
Scenario: Forgot password               ?[90m# src/test/resources/features/login.feature:32?[0m
Success Landing Forgot Page
]]></system-out>
  <system-err><![CDATA[Starting ChromeDriver 103.0.5060.53 (a1711811edd74ff1cf2150f36ffa3b0dae40b17f-refs/branch-heads/5060@{#853}) on port 14213
Only local connections are allowed.
Please see https://chromedriver.chromium.org/security-considerations for suggestions on keeping ChromeDriver safe.
ChromeDriver was started successfully.
Jul 23, 2022 10:17:53 PM org.openqa.selenium.remote.ProtocolHandshake createSession
INFO: Detected dialect: W3C
]]></system-err>
</testsuite>
