<?xml version="1.0" encoding="UTF-8"?>
<testsuite name="demo.CucumberRunner" tests="0" skipped="0" failures="0" errors="0" timestamp="1970-01-01T00:00:00" hostname="DESKTOP-RDQV5OE" time="0.0">
  <properties/>
  <system-out><![CDATA[  ?[32mAnd ?[0m?[32muser input ?[0m?[32m?[1m"qa"?[0m?[32m and ?[0m?[32m?[1m"engineer"?[0m  ?[90m# demo.steps_definition.LoginStep.inputUsernameAndPassword(java.lang.String,java.lang.String)?[0m
  ?[32mAnd ?[0m?[32muser click show hidden password?[0m ?[90m# demo.steps_definition.LoginStep.clickShowHiddenPassword()?[0m
  ?[32mAnd ?[0m?[32muser click login button?[0m         ?[90m# demo.steps_definition.LoginStep.clickButtonLogin()?[0m
  ?[32mThen ?[0m?[32muser success login?[0m             ?[90m# demo.steps_definition.LoginStep.isSuccessLogin()?[0m
  ?[32mAnd ?[0m?[32muser input ?[0m?[32m?[1m""?[0m?[32m and ?[0m?[32m?[1m"engineer"?[0m    ?[90m# demo.steps_definition.LoginStep.inputUsernameAndPassword(java.lang.String,java.lang.String)?[0m
  ?[32mAnd ?[0m?[32muser click show hidden password?[0m ?[90m# demo.steps_definition.LoginStep.clickShowHiddenPassword()?[0m
  ?[32mAnd ?[0m?[32muser click login button?[0m         ?[90m# demo.steps_definition.LoginStep.clickButtonLogin()?[0m
  ?[32mThen ?[0m?[32muser success login?[0m             ?[90m# demo.steps_definition.LoginStep.isSuccessLogin()?[0m
  ?[32mAnd ?[0m?[32muser input ?[0m?[32m?[1m"qa"?[0m?[32m and ?[0m?[32m?[1m""?[0m          ?[90m# demo.steps_definition.LoginStep.inputUsernameAndPassword(java.lang.String,java.lang.String)?[0m
  ?[32mAnd ?[0m?[32muser click show hidden password?[0m ?[90m# demo.steps_definition.LoginStep.clickShowHiddenPassword()?[0m
  ?[32mAnd ?[0m?[32muser click login button?[0m         ?[90m# demo.steps_definition.LoginStep.clickButtonLogin()?[0m
  ?[32mThen ?[0m?[32muser success login?[0m             ?[90m# demo.steps_definition.LoginStep.isSuccessLogin()?[0m
  ?[32mAnd ?[0m?[32muser click facebook button?[0m ?[90m# demo.steps_definition.LoginStep.clickFacebookLogin()?[0m
  ?[32mThen ?[0m?[32muser navigate to facebook?[0m ?[90m# demo.steps_definition.LoginStep.navigateToFacebook()?[0m
  ?[32mAnd ?[0m?[32muser click google button?[0m ?[90m# demo.steps_definition.LoginStep.clickGoogleLogin()?[0m
  ?[32mThen ?[0m?[32muser navigate to google?[0m ?[90m# demo.steps_definition.LoginStep.navigateToGoogle()?[0m
  ?[32mAnd ?[0m?[32muser click register button?[0m      ?[90m# demo.steps_definition.LoginStep.clickRegister()?[0m
  ?[32mThen ?[0m?[32muser navigate to register page?[0m ?[90m# demo.steps_definition.LoginStep.navigateToRegisterPage()?[0m
  ?[32mAnd ?[0m?[32muser click forgot password?[0m        ?[90m# demo.steps_definition.LoginStep.clickForgotPassword()?[0m
  ?[32mThen ?[0m?[32muser navigate to forgot password?[0m ?[90m# demo.steps_definition.LoginStep.navigateToForgotPage()?[0m
]]></system-out>
  <system-err><![CDATA[?[32m?[1m??????????????????????????????????????????????????????????????????????????????????????[0m
?[32m?[1m??[0m Share your Cucumber Report with your team at ?[36m?[1m?[4mhttps://reports.cucumber.io?[0m          ?[32m?[1m??[0m
?[32m?[1m??[0m Activate publishing with one of the following:                                    ?[32m?[1m??[0m
?[32m?[1m??[0m                                                                                   ?[32m?[1m??[0m
?[32m?[1m??[0m src/test/resources/cucumber.properties:          ?[36mcucumber.publish.enabled?[0m=?[36mtrue?[0m    ?[32m?[1m??[0m
?[32m?[1m??[0m src/test/resources/junit-platform.properties:    ?[36mcucumber.publish.enabled?[0m=?[36mtrue?[0m    ?[32m?[1m??[0m
?[32m?[1m??[0m Environment variable:                            ?[36mCUCUMBER_PUBLISH_ENABLED?[0m=?[36mtrue?[0m    ?[32m?[1m??[0m
?[32m?[1m??[0m JUnit:                                           ?[36m@CucumberOptions?[0m(publish = ?[36mtrue?[0m) ?[32m?[1m??[0m
?[32m?[1m??[0m                                                                                   ?[32m?[1m??[0m
?[32m?[1m??[0m More information at ?[36mhttps://cucumber.io/docs/cucumber/environment-variables/?[0m      ?[32m?[1m??[0m
?[32m?[1m??[0m                                                                                   ?[32m?[1m??[0m
?[32m?[1m??[0m Disable this message with one of the following:                                   ?[32m?[1m??[0m
?[32m?[1m??[0m                                                                                   ?[32m?[1m??[0m
?[32m?[1m??[0m src/test/resources/cucumber.properties:          ?[36mcucumber.publish.quiet?[0m=?[36mtrue?[0m      ?[32m?[1m??[0m
?[32m?[1m??[0m src/test/resources/junit-platform.properties:    ?[36mcucumber.publish.quiet?[0m=?[36mtrue?[0m      ?[32m?[1m??[0m
?[32m?[1m??????????????????????????????????????????????????????????????????????????????????????[0m
]]></system-err>
</testsuite>
