<?xml version="1.0" encoding="UTF-8"?>
<testsuite name="Login #1" tests="5" skipped="0" failures="0" errors="0" timestamp="2022-07-23T15:17:07" hostname="DESKTOP-RDQV5OE" time="7.533">
  <properties/>
  <testcase name="user input &quot;qa&quot; and &quot;engineer&quot;" classname="Login #1" time="0.431"/>
  <testcase name="user click show hidden password" classname="Login #1" time="0.62"/>
  <testcase name="user click login button" classname="Login #1" time="0.727"/>
  <testcase name="user success login" classname="Login #1" time="5.053"/>
  <testcase name="classMethod" classname="Login #1" time="12.313"/>
  <system-out><![CDATA[
@Web @Login
Scenario Outline: Login               ?[90m# src/test/resources/features/login.feature:12?[0m
Failed Login
]]></system-out>
  <system-err><![CDATA[Starting ChromeDriver 103.0.5060.53 (a1711811edd74ff1cf2150f36ffa3b0dae40b17f-refs/branch-heads/5060@{#853}) on port 24589
Only local connections are allowed.
Please see https://chromedriver.chromium.org/security-considerations for suggestions on keeping ChromeDriver safe.
ChromeDriver was started successfully.
Jul 23, 2022 10:17:04 PM org.openqa.selenium.remote.ProtocolHandshake createSession
INFO: Detected dialect: W3C
]]></system-err>
</testsuite>
